#
# A fatal error has been detected by the Java Runtime Environment:
#
#  Internal Error (classFileParser.cpp:3174), pid=1280, tid=6688
#  Error: ShouldNotReachHere()
#
# JRE version: 6.0_20-b02
# Java VM: Java HotSpot(TM) Client VM (16.3-b01 mixed mode windows-x86 )
# If you would like to submit a bug report, please visit:
#   http://java.sun.com/webapps/bugreport/crash.jsp
#

---------------  T H R E A D  ---------------

Current thread (0x0244e400):  JavaThread "Unknown thread" [_thread_in_vm, id=6688, stack(0x002b0000,0x00300000)]

Stack: [0x002b0000,0x00300000],  sp=0x002ff880,  free space=13e002ff890k
Native frames: (J=compiled Java code, j=interpreted, Vv=VM code, C=native code)
V  [jvm.dll+0x1f4180]
V  [jvm.dll+0xa1e29]
V  [jvm.dll+0x74a41]
V  [jvm.dll+0x760e4]
V  [jvm.dll+0x1c26a5]
V  [jvm.dll+0x1c2ddd]
V  [jvm.dll+0x1c3195]
V  [jvm.dll+0x1c31db]
V  [jvm.dll+0x1c3302]
V  [jvm.dll+0x1c337a]
V  [jvm.dll+0x1c382d]
V  [jvm.dll+0x1c3c32]
V  [jvm.dll+0x1e40b3]
V  [jvm.dll+0x1e448c]
V  [jvm.dll+0xd89c1]
V  [jvm.dll+0x1ddcd8]
V  [jvm.dll+0x102e10]
C  [javaw.exe+0x1657]
C  [javaw.exe+0x1e2c]
C  [javaw.exe+0x8614]
C  [kernel32.dll+0x1336a]
C  [ntdll.dll+0x39f72]
C  [ntdll.dll+0x39f45]


---------------  P R O C E S S  ---------------

Java Threads: ( => current thread )

Other Threads:

=>0x0244e400 (exited) JavaThread "Unknown thread" [_thread_in_vm, id=6688, stack(0x002b0000,0x00300000)]

VM state:not at safepoint (not fully initialized)

VM Mutex/Monitor currently owned by a thread: None

Dynamic libraries:
0x00400000 - 0x00424000 	C:\Program Files (x86)\Java\jre6\bin\javaw.exe
0x77300000 - 0x77480000 	C:\Windows\SysWOW64\ntdll.dll
0x766b0000 - 0x767c0000 	C:\Windows\syswow64\kernel32.dll
0x76410000 - 0x76457000 	C:\Windows\syswow64\KERNELBASE.dll
0x76a80000 - 0x76b20000 	C:\Windows\syswow64\ADVAPI32.dll
0x762c0000 - 0x7636c000 	C:\Windows\syswow64\msvcrt.dll
0x767c0000 - 0x767d9000 	C:\Windows\SysWOW64\sechost.dll
0x75f80000 - 0x76070000 	C:\Windows\syswow64\RPCRT4.dll
0x74d20000 - 0x74d80000 	C:\Windows\syswow64\SspiCli.dll
0x74d10000 - 0x74d1c000 	C:\Windows\syswow64\CRYPTBASE.dll
0x76d30000 - 0x76e30000 	C:\Windows\syswow64\USER32.dll
0x76080000 - 0x76110000 	C:\Windows\syswow64\GDI32.dll
0x772d0000 - 0x772da000 	C:\Windows\syswow64\LPK.dll
0x74fa0000 - 0x7503d000 	C:\Windows\syswow64\USP10.dll
0x768b0000 - 0x76910000 	C:\Windows\system32\IMM32.DLL
0x767e0000 - 0x768ac000 	C:\Windows\syswow64\MSCTF.dll
0x7c340000 - 0x7c396000 	C:\Program Files (x86)\Java\jre6\bin\msvcr71.dll
0x6d800000 - 0x6da97000 	C:\Program Files (x86)\Java\jre6\bin\client\jvm.dll
0x6cdc0000 - 0x6cdf2000 	C:\Windows\system32\WINMM.dll
0x6cbf0000 - 0x6cc3c000 	C:\Windows\system32\apphelp.dll
0x6d7b0000 - 0x6d7bc000 	C:\Program Files (x86)\Java\jre6\bin\verify.dll
0x6d330000 - 0x6d34f000 	C:\Program Files (x86)\Java\jre6\bin\java.dll
0x6d290000 - 0x6d298000 	C:\Program Files (x86)\Java\jre6\bin\hpi.dll
0x752a0000 - 0x752a5000 	C:\Windows\syswow64\PSAPI.DLL
0x6d7f0000 - 0x6d7ff000 	C:\Program Files (x86)\Java\jre6\bin\zip.dll

VM Arguments:
jvm_args: -Dfile.encoding=Cp1252 -Xbootclasspath:D:\ECLIPSE\adt-bundle-windows-x86-20130917\sdk\platforms\android-18\android.jar 
java_command: com.example.pruebalibreria.MySpreadsheetIntegration
Launcher Type: SUN_STANDARD

Environment Variables:
PATH=C:/Program Files (x86)/Java/jre6/bin/client;C:/Program Files (x86)/Java/jre6/bin;C:/Program Files (x86)/Java/jre6/lib/i386;C:\Program Files (x86)\NVIDIA Corporation\PhysX\Common;C:\Ruby193\bin;C:\Program Files\Common Files\Microsoft Shared\Windows Live;C:\Program Files (x86)\Common Files\Microsoft Shared\Windows Live;C:\Windows\system32;C:\Windows;C:\Windows\System32\Wbem;C:\Windows\System32\WindowsPowerShell\v1.0\;C:\Program Files (x86)\Windows Live\Shared;C:\Program Files (x86)\Toshiba\Bluetooth Toshiba Stack\sys\;C:\Program Files (x86)\Toshiba\Bluetooth Toshiba Stack\sys\x64\;C:\Program Files (x86)\Microsoft SQL Server\100\Tools\Binn\;C:\Program Files\Microsoft SQL Server\100\Tools\Binn\;C:\Program Files\Microsoft SQL Server\100\DTS\Binn\;D:\Program Files\MySQL\MySQL Utilities 1.3.5\;C:\Program Files (x86)\NVIDIA Corporation\PhysX\Common;C:\Ruby193\bin;C:\Program Files\Common Files\Microsoft Shared\Windows Live;C:\Program Files (x86)\Common Files\Microsoft Shared\Windows Live;C:\Windows\system32;C:\Windows;C:\Windows\System32\Wbem;C:\Windows\System32\WindowsPowerShell\v1.0\;C:\Program Files (x86)\Windows Live\Shared;C:\Program Files (x86)\Toshiba\Bluetooth Toshiba Stack\sys\;C:\Program Files (x86)\Toshiba\Bluetooth Toshiba Stack\sys\x64\;C:\Program Files (x86)\Microsoft SQL Server\100\Tools\Binn\;C:\Program Files\Microsoft SQL Server\100\Tools\Binn\;C:\Program Files\Microsoft SQL Server\100\DTS\Binn\;D:\Program Files\MySQL\MySQL Utilities 1.3.5\;D:\ECLIPSE\adt-bundle-windows-x86-20130917\eclipse;
USERNAME=MarioPC
OS=Windows_NT
PROCESSOR_IDENTIFIER=Intel64 Family 6 Model 42 Stepping 7, GenuineIntel



---------------  S Y S T E M  ---------------

OS: Windows 7 Build 7601 Service Pack 1

CPU:total 4 (8 cores per cpu, 2 threads per core) family 6 model 42 stepping 7, cmov, cx8, fxsr, mmx, sse, sse2, sse3, ssse3, sse4.1, sse4.2, popcnt, ht

Memory: 4k page, physical 6272880k(2946480k free), swap 12543896k(8883076k free)

vm_info: Java HotSpot(TM) Client VM (16.3-b01) for windows-x86 JRE (1.6.0_20-b02), built on Apr 12 2010 13:52:23 by "java_re" with MS VC++ 7.1 (VS2003)

time: Mon Mar 10 18:00:11 2014
elapsed time: 0 seconds

